# JRE version: OpenJDK Runtime Environment Temurin-17.0.8.1+1 (17.0.8.1+1) (build 17.0.8.1+1)
# Java VM: OpenJDK 64-Bit Server VM Temurin-17.0.8.1+1 (17.0.8.1+1, mixed mode, tiered, compressed oops, compressed class ptrs, parallel gc, windows-amd64)
GC Precious Log:
 CPUs: 12 total, 12 available
 Memory: 7530M
 Large Page Support: Disabled
 NUMA Support: Disabled
 Compressed Oops: Enabled (32-bit)
 Alignments: Space 512K, Generation 512K, Heap 2M
 Heap Min Capacity: 100M
 Heap Initial Capacity: 100M
 Heap Max Capacity: 1G
 Pre-touch: Disabled
 Parallel Workers: 10
Heap:
 PSYoungGen      total 18432K, used 15972K [0x00000000eab00000, 0x00000000ebe00000, 0x0000000100000000)
  eden space 17408K, 88% used [0x00000000eab00000,0x00000000eba111e8,0x00000000ebc00000)
  from space 1024K, 53% used [0x00000000ebc00000,0x00000000ebc88000,0x00000000ebd00000)
  to   space 1024K, 0% used [0x00000000ebd00000,0x00000000ebd00000,0x00000000ebe00000)
 ParOldGen       total 68608K, used 36893K [0x00000000c0000000, 0x00000000c4300000, 0x00000000eab00000)
  object space 68608K, 53% used [0x00000000c0000000,0x00000000c2407718,0x00000000c4300000)
 Metaspace       used 61842K, committed 63104K, reserved 1114112K
  class space    used 6659K, committed 7168K, reserved 1048576K
GC Heap History (20 events):
Event: 18.900 GC heap before
{Heap before GC invocations=27 (full 2):
 PSYoungGen      total 18944K, used 18935K [0x00000000eab00000, 0x00000000ec000000, 0x0000000100000000)
  eden space 17920K, 100% used [0x00000000eab00000,0x00000000ebc80000,0x00000000ebc80000)
  from space 1024K, 99% used [0x00000000ebf00000,0x00000000ebffdf60,0x00000000ec000000)
  to   space 1536K, 0% used [0x00000000ebd00000,0x00000000ebd00000,0x00000000ebe80000)
 ParOldGen       total 68608K, used 35038K [0x00000000c0000000, 0x00000000c4300000, 0x00000000eab00000)
  object space 68608K, 51% used [0x00000000c0000000,0x00000000c22379d8,0x00000000c4300000)
 Metaspace       used 55823K, committed 57024K, reserved 1114112K
  class space    used 6085K, committed 6592K, reserved 1048576K
}
Event: 18.903 GC heap after
{Heap after GC invocations=27 (full 2):
 PSYoungGen      total 19456K, used 1387K [0x00000000eab00000, 0x00000000ebf80000, 0x0000000100000000)
  eden space 17920K, 0% used [0x00000000eab00000,0x00000000eab00000,0x00000000ebc80000)
  from space 1536K, 90% used [0x00000000ebd00000,0x00000000ebe5af50,0x00000000ebe80000)
  to   space 1024K, 0% used [0x00000000ebe80000,0x00000000ebe80000,0x00000000ebf80000)
 ParOldGen       total 68608K, used 35925K [0x00000000c0000000, 0x00000000c4300000, 0x00000000eab00000)
  object space 68608K, 52% used [0x00000000c0000000,0x00000000c2315680,0x00000000c4300000)
 Metaspace       used 55823K, committed 57024K, reserved 1114112K
  class space    used 6085K, committed 6592K, reserved 1048576K
}
Event: 19.389 GC heap before
{Heap before GC invocations=28 (full 2):
 PSYoungGen      total 19456K, used 19302K [0x00000000eab00000, 0x00000000ebf80000, 0x0000000100000000)
  eden space 17920K, 99% used [0x00000000eab00000,0x00000000ebc7ebd0,0x00000000ebc80000)
  from space 1536K, 90% used [0x00000000ebd00000,0x00000000ebe5af50,0x00000000ebe80000)
  to   space 1024K, 0% used [0x00000000ebe80000,0x00000000ebe80000,0x00000000ebf80000)
 ParOldGen       total 68608K, used 35925K [0x00000000c0000000, 0x00000000c4300000, 0x00000000eab00000)
  object space 68608K, 52% used [0x00000000c0000000,0x00000000c2315680,0x00000000c4300000)
 Metaspace       used 56794K, committed 57984K, reserved 1114112K
  class space    used 6180K, committed 6720K, reserved 1048576K
}
Event: 19.391 GC heap after
{Heap after GC invocations=28 (full 2):
 PSYoungGen      total 18432K, used 1014K [0x00000000eab00000, 0x00000000ec180000, 0x0000000100000000)
  eden space 17408K, 0% used [0x00000000eab00000,0x00000000eab00000,0x00000000ebc00000)
  from space 1024K, 99% used [0x00000000ebe80000,0x00000000ebf7d808,0x00000000ebf80000)
  to   space 2560K, 0% used [0x00000000ebc00000,0x00000000ebc00000,0x00000000ebe80000)
 ParOldGen       total 68608K, used 36974K [0x00000000c0000000, 0x00000000c4300000, 0x00000000eab00000)
  object space 68608K, 53% used [0x00000000c0000000,0x00000000c241b800,0x00000000c4300000)
 Metaspace       used 56794K, committed 57984K, reserved 1114112K
  class space    used 6180K, committed 6720K, reserved 1048576K
}
Event: 19.671 GC heap before
{Heap before GC invocations=29 (full 2):
 PSYoungGen      total 18432K, used 18422K [0x00000000eab00000, 0x00000000ec180000, 0x0000000100000000)
  eden space 17408K, 100% used [0x00000000eab00000,0x00000000ebc00000,0x00000000ebc00000)
  from space 1024K, 99% used [0x00000000ebe80000,0x00000000ebf7d808,0x00000000ebf80000)
  to   space 2560K, 0% used [0x00000000ebc00000,0x00000000ebc00000,0x00000000ebe80000)
 ParOldGen       total 68608K, used 36974K [0x00000000c0000000, 0x00000000c4300000, 0x00000000eab00000)
  object space 68608K, 53% used [0x00000000c0000000,0x00000000c241b800,0x00000000c4300000)
 Metaspace       used 56944K, committed 58176K, reserved 1114112K
  class space    used 6184K, committed 6720K, reserved 1048576K
}
Event: 19.675 GC heap after
{Heap after GC invocations=29 (full 2):
 PSYoungGen      total 18944K, used 1516K [0x00000000eab00000, 0x00000000ec000000, 0x0000000100000000)
  eden space 17408K, 0% used [0x00000000eab00000,0x00000000eab00000,0x00000000ebc00000)
  from space 1536K, 98% used [0x00000000ebc00000,0x00000000ebd7b008,0x00000000ebd80000)
  to   space 2048K, 0% used [0x00000000ebe00000,0x00000000ebe00000,0x00000000ec000000)
 ParOldGen       total 68608K, used 37923K [0x00000000c0000000, 0x00000000c4300000, 0x00000000eab00000)
  object space 68608K, 55% used [0x00000000c0000000,0x00000000c2508f88,0x00000000c4300000)
 Metaspace       used 56944K, committed 58176K, reserved 1114112K
  class space    used 6184K, committed 6720K, reserved 1048576K
}
Event: 19.918 GC heap before
{Heap before GC invocations=30 (full 2):
 PSYoungGen      total 18944K, used 18917K [0x00000000eab00000, 0x00000000ec000000, 0x0000000100000000)
  eden space 17408K, 99% used [0x00000000eab00000,0x00000000ebbfe5a8,0x00000000ebc00000)
  from space 1536K, 98% used [0x00000000ebc00000,0x00000000ebd7b008,0x00000000ebd80000)
  to   space 2048K, 0% used [0x00000000ebe00000,0x00000000ebe00000,0x00000000ec000000)
 ParOldGen       total 68608K, used 37923K [0x00000000c0000000, 0x00000000c4300000, 0x00000000eab00000)
  object space 68608K, 55% used [0x00000000c0000000,0x00000000c2508f88,0x00000000c4300000)
 Metaspace       used 57333K, committed 58560K, reserved 1114112K
  class space    used 6219K, committed 6784K, reserved 1048576K
}
Event: 19.920 GC heap after
{Heap after GC invocations=30 (full 2):
 PSYoungGen      total 18432K, used 608K [0x00000000eab00000, 0x00000000ebf00000, 0x0000000100000000)
  eden space 17408K, 0% used [0x00000000eab00000,0x00000000eab00000,0x00000000ebc00000)
  from space 1024K, 59% used [0x00000000ebe00000,0x00000000ebe98000,0x00000000ebf00000)
  to   space 1024K, 0% used [0x00000000ebd00000,0x00000000ebd00000,0x00000000ebe00000)
 ParOldGen       total 68608K, used 39311K [0x00000000c0000000, 0x00000000c4300000, 0x00000000eab00000)
  object space 68608K, 57% used [0x00000000c0000000,0x00000000c2663f90,0x00000000c4300000)
 Metaspace       used 57333K, committed 58560K, reserved 1114112K
  class space    used 6219K, committed 6784K, reserved 1048576K
}
Event: 20.314 GC heap before
{Heap before GC invocations=31 (full 2):
 PSYoungGen      total 18432K, used 18016K [0x00000000eab00000, 0x00000000ebf00000, 0x0000000100000000)
  eden space 17408K, 100% used [0x00000000eab00000,0x00000000ebc00000,0x00000000ebc00000)
  from space 1024K, 59% used [0x00000000ebe00000,0x00000000ebe98000,0x00000000ebf00000)
  to   space 1024K, 0% used [0x00000000ebd00000,0x00000000ebd00000,0x00000000ebe00000)
 ParOldGen       total 68608K, used 39311K [0x00000000c0000000, 0x00000000c4300000, 0x00000000eab00000)
  object space 68608K, 57% used [0x00000000c0000000,0x00000000c2663f90,0x00000000c4300000)
 Metaspace       used 58471K, committed 59712K, reserved 1114112K
  class space    used 6354K, committed 6848K, reserved 1048576K
}
Event: 20.317 GC heap after
{Heap after GC invocations=31 (full 2):
 PSYoungGen      total 18432K, used 1016K [0x00000000eab00000, 0x00000000ec000000, 0x0000000100000000)
  eden space 17408K, 0% used [0x00000000eab00000,0x00000000eab00000,0x00000000ebc00000)
  from space 1024K, 99% used [0x00000000ebd00000,0x00000000ebdfe098,0x00000000ebe00000)
  to   space 2048K, 0% used [0x00000000ebe00000,0x00000000ebe00000,0x00000000ec000000)
 ParOldGen       total 68608K, used 39833K [0x00000000c0000000, 0x00000000c4300000, 0x00000000eab00000)
  object space 68608K, 58% used [0x00000000c0000000,0x00000000c26e6558,0x00000000c4300000)
 Metaspace       used 58471K, committed 59712K, reserved 1114112K
  class space    used 6354K, committed 6848K, reserved 1048576K
}
Event: 20.493 GC heap before
{Heap before GC invocations=32 (full 2):
 PSYoungGen      total 18432K, used 4754K [0x00000000eab00000, 0x00000000ec000000, 0x0000000100000000)
  eden space 17408K, 21% used [0x00000000eab00000,0x00000000eaea6a40,0x00000000ebc00000)
  from space 1024K, 99% used [0x00000000ebd00000,0x00000000ebdfe098,0x00000000ebe00000)
  to   space 2048K, 0% used [0x00000000ebe00000,0x00000000ebe00000,0x00000000ec000000)
 ParOldGen       total 68608K, used 39833K [0x00000000c0000000, 0x00000000c4300000, 0x00000000eab00000)
  object space 68608K, 58% used [0x00000000c0000000,0x00000000c26e6558,0x00000000c4300000)
 Metaspace       used 58576K, committed 59776K, reserved 1114112K
  class space    used 6362K, committed 6912K, reserved 1048576K
}
Event: 20.496 GC heap after
{Heap after GC invocations=32 (full 2):
 PSYoungGen      total 17920K, used 352K [0x00000000eab00000, 0x00000000ebe80000, 0x0000000100000000)
  eden space 17408K, 0% used [0x00000000eab00000,0x00000000eab00000,0x00000000ebc00000)
  from space 512K, 68% used [0x00000000ebe00000,0x00000000ebe58000,0x00000000ebe80000)
  to   space 1024K, 0% used [0x00000000ebc80000,0x00000000ebc80000,0x00000000ebd80000)
 ParOldGen       total 68608K, used 40815K [0x00000000c0000000, 0x00000000c4300000, 0x00000000eab00000)
  object space 68608K, 59% used [0x00000000c0000000,0x00000000c27dbee0,0x00000000c4300000)
 Metaspace       used 58576K, committed 59776K, reserved 1114112K
  class space    used 6362K, committed 6912K, reserved 1048576K
}
Event: 20.496 GC heap before
{Heap before GC invocations=33 (full 3):
 PSYoungGen      total 17920K, used 352K [0x00000000eab00000, 0x00000000ebe80000, 0x0000000100000000)
  eden space 17408K, 0% used [0x00000000eab00000,0x00000000eab00000,0x00000000ebc00000)
  from space 512K, 68% used [0x00000000ebe00000,0x00000000ebe58000,0x00000000ebe80000)
  to   space 1024K, 0% used [0x00000000ebc80000,0x00000000ebc80000,0x00000000ebd80000)
 ParOldGen       total 68608K, used 40815K [0x00000000c0000000, 0x00000000c4300000, 0x00000000eab00000)
  object space 68608K, 59% used [0x00000000c0000000,0x00000000c27dbee0,0x00000000c4300000)
 Metaspace       used 58576K, committed 59776K, reserved 1114112K
  class space    used 6362K, committed 6912K, reserved 1048576K
}
Event: 20.624 GC heap after
{Heap after GC invocations=33 (full 3):
 PSYoungGen      total 17920K, used 0K [0x00000000eab00000, 0x00000000ebe80000, 0x0000000100000000)
  eden space 17408K, 0% used [0x00000000eab00000,0x00000000eab00000,0x00000000ebc00000)
  from space 512K, 0% used [0x00000000ebe00000,0x00000000ebe00000,0x00000000ebe80000)
  to   space 1024K, 0% used [0x00000000ebc80000,0x00000000ebc80000,0x00000000ebd80000)
 ParOldGen       total 68608K, used 36125K [0x00000000c0000000, 0x00000000c4300000, 0x00000000eab00000)
  object space 68608K, 52% used [0x00000000c0000000,0x00000000c2347480,0x00000000c4300000)
 Metaspace       used 58576K, committed 59776K, reserved 1114112K
  class space    used 6362K, committed 6912K, reserved 1048576K
}
Event: 20.787 GC heap before
{Heap before GC invocations=34 (full 3):
 PSYoungGen      total 17920K, used 17408K [0x00000000eab00000, 0x00000000ebe80000, 0x0000000100000000)
  eden space 17408K, 100% used [0x00000000eab00000,0x00000000ebc00000,0x00000000ebc00000)
  from space 512K, 0% used [0x00000000ebe00000,0x00000000ebe00000,0x00000000ebe80000)
  to   space 1024K, 0% used [0x00000000ebc80000,0x00000000ebc80000,0x00000000ebd80000)
 ParOldGen       total 68608K, used 36125K [0x00000000c0000000, 0x00000000c4300000, 0x00000000eab00000)
  object space 68608K, 52% used [0x00000000c0000000,0x00000000c2347480,0x00000000c4300000)
 Metaspace       used 59210K, committed 60416K, reserved 1114112K
  class space    used 6437K, committed 6976K, reserved 1048576K
}
Event: 20.791 GC heap after
{Heap after GC invocations=34 (full 3):
 PSYoungGen      total 18432K, used 688K [0x00000000eab00000, 0x00000000ebe80000, 0x0000000100000000)
  eden space 17408K, 0% used [0x00000000eab00000,0x00000000eab00000,0x00000000ebc00000)
  from space 1024K, 67% used [0x00000000ebc80000,0x00000000ebd2c298,0x00000000ebd80000)
  to   space 1024K, 0% used [0x00000000ebd80000,0x00000000ebd80000,0x00000000ebe80000)
 ParOldGen       total 68608K, used 36133K [0x00000000c0000000, 0x00000000c4300000, 0x00000000eab00000)
  object space 68608K, 52% used [0x00000000c0000000,0x00000000c2349480,0x00000000c4300000)
 Metaspace       used 59210K, committed 60416K, reserved 1114112K
  class space    used 6437K, committed 6976K, reserved 1048576K
}
Event: 21.494 GC heap before
{Heap before GC invocations=35 (full 3):
 PSYoungGen      total 18432K, used 18096K [0x00000000eab00000, 0x00000000ebe80000, 0x0000000100000000)
  eden space 17408K, 100% used [0x00000000eab00000,0x00000000ebc00000,0x00000000ebc00000)
  from space 1024K, 67% used [0x00000000ebc80000,0x00000000ebd2c298,0x00000000ebd80000)
  to   space 1024K, 0% used [0x00000000ebd80000,0x00000000ebd80000,0x00000000ebe80000)
 ParOldGen       total 68608K, used 36133K [0x00000000c0000000, 0x00000000c4300000, 0x00000000eab00000)
  object space 68608K, 52% used [0x00000000c0000000,0x00000000c2349480,0x00000000c4300000)
 Metaspace       used 60174K, committed 61376K, reserved 1114112K
  class space    used 6532K, committed 7040K, reserved 1048576K
}
Event: 21.496 GC heap after
{Heap after GC invocations=35 (full 3):
 PSYoungGen      total 17920K, used 448K [0x00000000eab00000, 0x00000000ebe00000, 0x0000000100000000)
  eden space 17408K, 0% used [0x00000000eab00000,0x00000000eab00000,0x00000000ebc00000)
  from space 512K, 87% used [0x00000000ebd80000,0x00000000ebdf0000,0x00000000ebe00000)
  to   space 1024K, 0% used [0x00000000ebc00000,0x00000000ebc00000,0x00000000ebd00000)
 ParOldGen       total 68608K, used 36605K [0x00000000c0000000, 0x00000000c4300000, 0x00000000eab00000)
  object space 68608K, 53% used [0x00000000c0000000,0x00000000c23bf718,0x00000000c4300000)
 Metaspace       used 60174K, committed 61376K, reserved 1114112K
  class space    used 6532K, committed 7040K, reserved 1048576K
}
Event: 22.157 GC heap before
{Heap before GC invocations=36 (full 3):
 PSYoungGen      total 17920K, used 17856K [0x00000000eab00000, 0x00000000ebe00000, 0x0000000100000000)
  eden space 17408K, 100% used [0x00000000eab00000,0x00000000ebc00000,0x00000000ebc00000)
  from space 512K, 87% used [0x00000000ebd80000,0x00000000ebdf0000,0x00000000ebe00000)
  to   space 1024K, 0% used [0x00000000ebc00000,0x00000000ebc00000,0x00000000ebd00000)
 ParOldGen       total 68608K, used 36605K [0x00000000c0000000, 0x00000000c4300000, 0x00000000eab00000)
  object space 68608K, 53% used [0x00000000c0000000,0x00000000c23bf718,0x00000000c4300000)
 Metaspace       used 61583K, committed 62784K, reserved 1114112K
  class space    used 6647K, committed 7168K, reserved 1048576K
}
Event: 22.158 GC heap after
{Heap after GC invocations=36 (full 3):
 PSYoungGen      total 18432K, used 544K [0x00000000eab00000, 0x00000000ebe00000, 0x0000000100000000)
  eden space 17408K, 0% used [0x00000000eab00000,0x00000000eab00000,0x00000000ebc00000)
  from space 1024K, 53% used [0x00000000ebc00000,0x00000000ebc88000,0x00000000ebd00000)
  to   space 1024K, 0% used [0x00000000ebd00000,0x00000000ebd00000,0x00000000ebe00000)
 ParOldGen       total 68608K, used 36893K [0x00000000c0000000, 0x00000000c4300000, 0x00000000eab00000)
  object space 68608K, 53% used [0x00000000c0000000,0x00000000c2407718,0x00000000c4300000)
 Metaspace       used 61583K, committed 62784K, reserved 1114112K
  class space    used 6647K, committed 7168K, reserved 1048576K
}

